[localhost.log-0.0.0.0-0000] 2019-12-20 09:25:14.922 WARN 10128 [lettuce-nioEventLoop-4-1] io.netty.channel.ChannelInitializer Failed to initialize a channel. Closing: [id: 0xd3acbd0c]

java.lang.OutOfMemoryError: null
	at sun.misc.Unsafe.allocateMemory(Native Method)
	at io.netty.util.internal.PlatformDependent0.allocateDirectNoCleaner(PlatformDependent0.java:452)
	at io.netty.util.internal.PlatformDependent.allocateDirectNoCleaner(PlatformDependent.java:612)
	at io.netty.buffer.PoolArena$DirectArena.allocateDirect(PoolArena.java:769)
	at io.netty.buffer.PoolArena$DirectArena.newChunk(PoolArena.java:745)
	at io.netty.buffer.PoolArena.allocateNormal(PoolArena.java:244)
	at io.netty.buffer.PoolArena.allocate(PoolArena.java:214)
	at io.netty.buffer.PoolArena.allocate(PoolArena.java:146)
	at io.netty.buffer.PooledByteBufAllocator.newDirectBuffer(PooledByteBufAllocator.java:332)
	at io.netty.buffer.AbstractByteBufAllocator.directBuffer(AbstractByteBufAllocator.java:185)
	at io.netty.buffer.AbstractByteBufAllocator.directBuffer(AbstractByteBufAllocator.java:176)
	at io.lettuce.core.protocol.RedisStateMachine.<init>(RedisStateMachine.java:58)
	at io.lettuce.core.protocol.CommandHandler.<init>(CommandHandler.java:76)
	at io.lettuce.core.RedisClient.lambda$connectStandaloneAsync$0(RedisClient.java:272)
	at io.lettuce.core.ConnectionBuilder.buildHandlers(ConnectionBuilder.java:80)
	at io.lettuce.core.PlainChannelInitializer.initChannel(PlainChannelInitializer.java:123)
	at io.netty.channel.ChannelInitializer.initChannel(ChannelInitializer.java:129)
	at io.netty.channel.ChannelInitializer.handlerAdded(ChannelInitializer.java:112)
	at io.netty.channel.AbstractChannelHandlerContext.callHandlerAdded(AbstractChannelHandlerContext.java:989)
	at io.netty.channel.DefaultChannelPipeline.callHandlerAdded0(DefaultChannelPipeline.java:610)
	at io.netty.channel.DefaultChannelPipeline.access$100(DefaultChannelPipeline.java:46)
	at io.netty.channel.DefaultChannelPipeline$PendingHandlerAddedTask.execute(DefaultChannelPipeline.java:1461)
	at io.netty.channel.DefaultChannelPipeline.callHandlerAddedForAllHandlers(DefaultChannelPipeline.java:1126)
	at io.netty.channel.DefaultChannelPipeline.invokeHandlerAddedIfNeeded(DefaultChannelPipeline.java:651)
	at io.netty.channel.AbstractChannel$AbstractUnsafe.register0(AbstractChannel.java:514)
	at io.netty.channel.AbstractChannel$AbstractUnsafe.access$200(AbstractChannel.java:427)
	at io.netty.channel.AbstractChannel$AbstractUnsafe$1.run(AbstractChannel.java:486)
	at io.netty.util.concurrent.AbstractEventExecutor.safeExecute(AbstractEventExecutor.java:163)
	at io.netty.util.concurrent.SingleThreadEventExecutor.runAllTasks(SingleThreadEventExecutor.java:404)
	at io.netty.channel.nio.NioEventLoop.run(NioEventLoop.java:495)
	at io.netty.util.concurrent.SingleThreadEventExecutor$5.run(SingleThreadEventExecutor.java:905)
	at io.netty.util.concurrent.FastThreadLocalRunnable.run(FastThreadLocalRunnable.java:30)
	at java.lang.Thread.run(Thread.java:748)

